<?xml version="1.0" encoding="UTF-8"?>
<Site BuildName="Linux-c++"
	BuildStamp="20250330-0512-Experimental"
	Name="NightPc"
	Generator="ctest-3.27.0"
	CompilerName="/usr/bin/c++"
	CompilerVersion="13.2.0"
	OSName="Linux"
	Hostname="NightPc"
	OSRelease="6.5.0-9-generic"
	OSVersion="#9-Ubuntu SMP PREEMPT_DYNAMIC Sat Oct  7 01:35:40 UTC 2023"
	OSPlatform="x86_64"
	Is64Bits="1"
	VendorString="AuthenticAMD"
	VendorID="Advanced Micro Devices"
	FamilyID="25"
	ModelID="80"
	ProcessorCacheSize="512"
	NumberOfLogicalCPU="12"
	NumberOfPhysicalCPU="6"
	TotalVirtualMemory="4095"
	TotalPhysicalMemory="15763"
	LogicalProcessorsPerPhysical="2"
	ProcessorClockFrequency="3698.06"
	>
	<Testing>
		<StartDateTime>Mar 30 01:16 CST</StartDateTime>
		<StartTestTime>1743318963</StartTestTime>
		<TestList/>
		<EndDateTime>Mar 30 01:16 CST</EndDateTime>
		<EndTestTime>1743318963</EndTestTime>
		<ElapsedMinutes>0</ElapsedMinutes>
	</Testing>
</Site>
